<?xml version="1.0" encoding="UTF-8"?>
<!-- Generated by org.testng.reporters.JUnitXMLReporter -->
<testsuite hostname="YUVAROV-NB" ignored="0" name="Command line test" tests="2" failures="0" timestamp="2021-04-22T16:54:46 EEST" time="3.981" errors="0">
  <testcase name="@BeforeClass setUp" time="3.934" classname="tests.BaseTest">
    <failure type="java.lang.NoClassDefFoundError" message="org/openqa/selenium/internal/Require">
      <![CDATA[java.lang.NoClassDefFoundError: org/openqa/selenium/internal/Require
at org.openqa.selenium.support.ui.FluentWait.<init>(FluentWait.java:100)
at org.openqa.selenium.support.ui.WebDriverWait.<init>(WebDriverWait.java:128)
at org.openqa.selenium.support.ui.WebDriverWait.<init>(WebDriverWait.java:61)
at pages.BasePage.<init>(BasePage.java:19)
at pages.SearchPage.<init>(SearchPage.java:19)
at steps.SearchSteps.<init>(SearchSteps.java:7)
at tests.BaseTest.setUp(BaseTest.java:24)
at java.util.ArrayList.forEach(ArrayList.java:1257)
Caused by: java.lang.ClassNotFoundException: org.openqa.selenium.internal.Require
at java.net.URLClassLoader.findClass(URLClassLoader.java:381)
at java.lang.ClassLoader.loadClass(ClassLoader.java:424)
at sun.misc.Launcher$AppClassLoader.loadClass(Launcher.java:349)
at java.lang.ClassLoader.loadClass(ClassLoader.java:357)
... 43 more
... Removed 35 stack frames]]>
    </failure>
  </testcase> <!-- @BeforeClass setUp -->
  <testcase name="@AfterMethod goBack" time="-1.619099686377E9" classname="tests.BaseTest">
    <skipped/>
  </testcase> <!-- @AfterMethod goBack -->
  <testcase name="@AfterMethod goBack" time="-1.619099686378E9" classname="tests.BaseTest">
    <skipped/>
  </testcase> <!-- @AfterMethod goBack -->
  <testcase name="@AfterClass tearDown" time="-1.619099686379E9" classname="tests.BaseTest">
    <skipped/>
  </testcase> <!-- @AfterClass tearDown -->
  <testcase name="openGoogleChromeTest" time="0.0" classname="tests.SearchTest">
    <skipped/>
  </testcase> <!-- openGoogleChromeTest -->
  <testcase name="openGoogleChromeTest" time="0.0" classname="tests.SearchTest">
    <skipped/>
  </testcase> <!-- openGoogleChromeTest -->
</testsuite> <!-- Command line test -->
